08/23/2023 02:52:30 PM : DEBUG >> Using selector: EpollSelector
08/23/2023 02:52:30 PM : INFO >> logging in using static token
08/23/2023 02:52:31 PM : INFO >> Shard ID None has connected to Gateway (Session ID: 6dad919637ebae2d9dc3f178445472dc).
08/23/2023 02:52:33 PM : INFO >> Ready, logged in to Bot account
08/23/2023 02:56:03 PM : DEBUG >> Using selector: EpollSelector
08/23/2023 02:56:03 PM : INFO >> logging in using static token
08/23/2023 02:56:04 PM : INFO >> Shard ID None has connected to Gateway (Session ID: f0dbb4d6a99b433903703785f302a0cd).
08/23/2023 02:56:49 PM : DEBUG >> Using selector: EpollSelector
08/23/2023 02:56:49 PM : INFO >> logging in using static token
08/23/2023 02:56:50 PM : INFO >> Shard ID None has connected to Gateway (Session ID: b0ec6b6cf62dd503cdcb38e33b187ea6).
08/23/2023 03:51:12 PM : DEBUG >> Using selector: EpollSelector
08/23/2023 03:51:12 PM : INFO >> logging in using static token
08/23/2023 03:51:13 PM : INFO >> Shard ID None has connected to Gateway (Session ID: efb58b79cbe71c46643396b5163a9bef).
08/23/2023 10:09:38 PM : DEBUG >> Using selector: EpollSelector
08/23/2023 10:09:38 PM : INFO >> logging in using static token
08/23/2023 10:09:40 PM : INFO >> Shard ID None has connected to Gateway (Session ID: 5f66b87abdb92a1acfb284f539f71656).
08/23/2023 10:11:30 PM : ERROR >> connection error occured, retrying...
08/23/2023 10:11:30 PM : DEBUG >> Using selector: EpollSelector
08/23/2023 10:11:30 PM : INFO >> logging in using static token
08/23/2023 10:12:11 PM : DEBUG >> Starting new HTTPS connection (1): api.github.com:443
08/23/2023 10:12:11 PM : DEBUG >> https://api.github.com:443 "GET /repos/xxcosita3czxx/Lorelei-bot/contents/main.py HTTP/1.1" 403 281
08/23/2023 10:12:11 PM : DEBUG >> Starting new HTTPS connection (1): api.github.com:443
08/23/2023 10:12:11 PM : DEBUG >> https://api.github.com:443 "GET /repos/xxcosita3czxx/Cosita-ToolKit/contents/cosita_toolkit.py HTTP/1.1" 403 281
08/23/2023 10:12:11 PM : DEBUG >> Starting new HTTPS connection (1): api.github.com:443
08/23/2023 10:12:11 PM : DEBUG >> https://api.github.com:443 "GET /repos/xxcosita3czxx/Lorelei-bot/contents/run.py HTTP/1.1" 403 281
08/23/2023 10:12:11 PM : DEBUG >> Using selector: EpollSelector
08/23/2023 10:12:11 PM : INFO >> logging in using static token
08/23/2023 10:12:13 PM : INFO >> Shard ID None has connected to Gateway (Session ID: 92123e169357cf8cd530c95c880cb321).
08/23/2023 10:12:15 PM : ERROR >> connection error occured, retrying...
08/23/2023 10:12:15 PM : DEBUG >> Using selector: EpollSelector
08/23/2023 10:12:15 PM : INFO >> logging in using static token
